0 silly input [ 'git', 'commit' ]
1 silly flags { _: [ 'exec' ],
1 silly flags   m: 'initial commit',
1 silly flags   command: 'git',
1 silly flags   args: [ 'commit' ] }
2 verbose rootPath C:\Users\user\learn\monorepo
3 info version 2.0.0
4 silly existsSync C:\Users\user\learn\monorepo\VERSION
5 silly initialize attempt
6 silly initialize success
7 silly execute attempt
8 error exec Errored while executing 'git commit' in '@userpixel/bar'
9 error execute Error: Command failed: git commit
9 error execute     at Promise.all.then.arr (C:\Users\user\AppData\Roaming\npm\node_modules\lerna\node_modules\execa\index.js:210:11)
9 error execute     at <anonymous>
9 error execute     at process._tickCallback (internal/process/next_tick.js:169:7)
9 error execute  callback with error
9 error execute  { Error: Command failed: git commit
9 error execute     at Promise.all.then.arr (C:\Users\user\AppData\Roaming\npm\node_modules\lerna\node_modules\execa\index.js:210:11)
9 error execute     at <anonymous>
9 error execute     at process._tickCallback (internal/process/next_tick.js:169:7)
9 error execute   stack: 'Error: Command failed: git commit\n    at Promise.all.then.arr (C:\\Users\\user\\AppData\\Roaming\\npm\\node_modules\\lerna\\node_modules\\execa\\index.js:210:11)\n    at <anonymous>\n    at process._tickCallback (internal/process/next_tick.js:169:7)',
9 error execute   code: 128,
9 error execute   killed: false,
9 error execute   stdout: null,
9 error execute   stderr: null,
9 error execute   failed: true,
9 error execute   signal: null,
9 error execute   cmd: 'git commit',
9 error execute   timedOut: false }
